<?xml version="1.0" encoding="UTF-8"?>
<testsuite xmlns:xsi="http://www.w3.org/2001/XMLSchema-instance" xsi:noNamespaceSchemaLocation="https://maven.apache.org/surefire/maven-surefire-plugin/xsd/surefire-test-report-3.0.xsd" version="3.0" name="com.example.SecurePasswordGeneratorTest" time="0.22" tests="5" errors="0" skipped="0" failures="0">
  <properties>
[...]
</properties>
  <testcase name="testGeneratePasswordContainsLowercase" classname="com.example.SecurePasswordGeneratorTest" time="0.133">
    <system-out><![CDATA[Senha gerada: 5rdfgi48puzg
]]></system-out>
  </testcase>
  <testcase name="testGeneratorPasswordContainsDigits" classname="com.example.SecurePasswordGeneratorTest" time="0.007">
    <system-out><![CDATA[Senha gerada: 056550643714
]]></system-out>
  </testcase>
  <testcase name="testGeneratedPasswordLenght" classname="com.example.SecurePasswordGeneratorTest" time="0.01">
    <system-out><![CDATA[Senha gerada: eUnX7Y=s<Y,-d)oa
]]></system-out>
  </testcase>
  <testcase name="testGeneratedPasswordContainsSpecialCharacters" classname="com.example.SecurePasswordGeneratorTest" time="0.004">
    <system-out><![CDATA[Senha gerada: ^/$(_!|.{}#+
]]></system-out>
  </testcase>
  <testcase name="testGeneratedPasswordContainsUppercase" classname="com.example.SecurePasswordGeneratorTest" time="0.004">
    <system-out><![CDATA[Senha gerada: QQLSBAAACADJ
]]></system-out>
  </testcase>
</testsuite>